Build started 8/19/2014 3:59:32 PM.
     1>Project "H:\IT 356\coding\Fractals\Fractals\Fractals.vcxproj" on node 2 (Rebuild target(s)).
     1>_PrepareForClean:
         Deleting file "Debug\Fractals.lastbuildstate".
       InitializeBuildStatus:
         Creating "Debug\Fractals.unsuccessfulbuild" because "AlwaysCreate" was specified.
       ClCompile:
         C:\Program Files (x86)\Microsoft Visual Studio 11.0\VC\bin\CL.exe /c /I../../graphics/headers/ /ZI /nologo /W3 /WX- /Od /Oy- /D WIN32 /D _DEBUG /D _CONSOLE /D _UNICODE /D UNICODE /Gm /EHsc /RTC1 /MDd /GS /fp:precise /Zc:wchar_t /Zc:forScope /Fo"Debug\\" /Fd"Debug\vc110.pdb" /Gd /TP /analyze- /errorReport:prompt main.cpp View.cpp
         View.cpp
     1>h:\it 356\coding\fractals\fractals\view.cpp(76): warning C4244: '=' : conversion from 'double' to 'float', possible loss of data
     1>h:\it 356\coding\fractals\fractals\view.cpp(77): warning C4244: '=' : conversion from 'double' to 'float', possible loss of data
     1>h:\it 356\coding\fractals\fractals\view.cpp(334): warning C4244: 'argument' : conversion from 'double' to 'GLfloat', possible loss of data
         main.cpp
         Generating Code...
       Link:
         C:\Program Files (x86)\Microsoft Visual Studio 11.0\VC\bin\link.exe /ERRORREPORT:PROMPT /OUT:"H:\IT 356\coding\Fractals\Debug\Fractals.exe" /INCREMENTAL /NOLOGO /LIBPATH:../../graphics/lib/GL /LIBPATH:../../graphics/lib/SFML "sfml-main-d.lib" "sfml-system-d.lib" "sfml-window-d.lib" "sfml-graphics-d.lib" opengl32.lib glew32.lib kernel32.lib user32.lib gdi32.lib winspool.lib comdlg32.lib advapi32.lib shell32.lib ole32.lib oleaut32.lib uuid.lib odbc32.lib odbccp32.lib kernel32.lib user32.lib gdi32.lib winspool.lib comdlg32.lib advapi32.lib shell32.lib ole32.lib oleaut32.lib uuid.lib odbc32.lib odbccp32.lib /MANIFEST /MANIFESTUAC:"level='asInvoker' uiAccess='false'" /manifest:embed /DEBUG /PDB:"H:\IT 356\coding\Fractals\Debug\Fractals.pdb" /SUBSYSTEM:CONSOLE /TLBID:1 /DYNAMICBASE /NXCOMPAT /IMPLIB:"H:\IT 356\coding\Fractals\Debug\Fractals.lib" /MACHINE:X86 Debug\main.obj
         Debug\View.obj
         Fractals.vcxproj -> H:\IT 356\coding\Fractals\Debug\Fractals.exe
       FinalizeBuildStatus:
         Deleting file "Debug\Fractals.unsuccessfulbuild".
         Touching "Debug\Fractals.lastbuildstate".
     1>Done Building Project "H:\IT 356\coding\Fractals\Fractals\Fractals.vcxproj" (Rebuild target(s)).

Build succeeded.

Time Elapsed 00:00:04.71
