H:\IT 356\CODING\FRACTALS\FRACTALS\DEBUG\MAIN.OBJ
H:\IT 356\CODING\FRACTALS\FRACTALS\DEBUG\VIEW.OBJ
H:\IT 356\CODING\FRACTALS\FRACTALS\DEBUG\VC110.PDB
H:\IT 356\CODING\FRACTALS\DEBUG\FRACTALS.ILK
H:\IT 356\CODING\FRACTALS\DEBUG\FRACTALS.EXE
H:\IT 356\CODING\FRACTALS\DEBUG\FRACTALS.PDB
H:\IT 356\coding\Fractals\Fractals\Debug\main.obj
H:\IT 356\coding\Fractals\Fractals\Debug\View.obj
H:\IT 356\coding\Fractals\Fractals\Debug\cl.command.1.tlog
H:\IT 356\coding\Fractals\Fractals\Debug\CL.read.1.tlog
H:\IT 356\coding\Fractals\Fractals\Debug\CL.write.1.tlog
H:\IT 356\coding\Fractals\Fractals\Debug\link-cvtres.read.1.tlog
H:\IT 356\coding\Fractals\Fractals\Debug\link-cvtres.write.1.tlog
H:\IT 356\coding\Fractals\Fractals\Debug\link-rc.read.1.tlog
H:\IT 356\coding\Fractals\Fractals\Debug\link-rc.write.1.tlog
H:\IT 356\coding\Fractals\Fractals\Debug\link.command.1.tlog
H:\IT 356\coding\Fractals\Fractals\Debug\link.read.1.tlog
H:\IT 356\coding\Fractals\Fractals\Debug\link.write.1.tlog
H:\IT 356\coding\Fractals\Fractals\Debug\vc110.idb
H:\IT 356\coding\Fractals\Fractals\Debug\vc110.pdb
H:\IT 356\coding\Fractals\Debug\Fractals.pdb
H:\IT 356\coding\Fractals\Debug\Fractals.exe
H:\IT 356\coding\Fractals\Debug\Fractals.ilk
