H:\IT 356\CODING\SFMLWITHOPENGL\SFMLWITHOPENGL\DEBUG\MAIN.OBJ
H:\IT 356\CODING\SFMLWITHOPENGL\SFMLWITHOPENGL\DEBUG\VIEW.OBJ
H:\IT 356\CODING\SFMLWITHOPENGL\SFMLWITHOPENGL\DEBUG\VC110.PDB
H:\IT 356\CODING\SFMLWITHOPENGL\DEBUG\SFMLWITHOPENGL.ILK
H:\IT 356\CODING\SFMLWITHOPENGL\DEBUG\SFMLWITHOPENGL.EXE
H:\IT 356\CODING\SFMLWITHOPENGL\DEBUG\SFMLWITHOPENGL.PDB
H:\IT 356\coding\SFMLWithOpenGL\SFMLWithOpenGL\Debug\main.obj
H:\IT 356\coding\SFMLWithOpenGL\SFMLWithOpenGL\Debug\View.obj
H:\IT 356\coding\SFMLWithOpenGL\SFMLWithOpenGL\Debug\cl.command.1.tlog
H:\IT 356\coding\SFMLWithOpenGL\SFMLWithOpenGL\Debug\CL.read.1.tlog
H:\IT 356\coding\SFMLWithOpenGL\SFMLWithOpenGL\Debug\CL.write.1.tlog
H:\IT 356\coding\SFMLWithOpenGL\SFMLWithOpenGL\Debug\link-cvtres.read.1.tlog
H:\IT 356\coding\SFMLWithOpenGL\SFMLWithOpenGL\Debug\link-cvtres.write.1.tlog
H:\IT 356\coding\SFMLWithOpenGL\SFMLWithOpenGL\Debug\link-rc.read.1.tlog
H:\IT 356\coding\SFMLWithOpenGL\SFMLWithOpenGL\Debug\link-rc.write.1.tlog
H:\IT 356\coding\SFMLWithOpenGL\SFMLWithOpenGL\Debug\link.command.1.tlog
H:\IT 356\coding\SFMLWithOpenGL\SFMLWithOpenGL\Debug\link.read.1.tlog
H:\IT 356\coding\SFMLWithOpenGL\SFMLWithOpenGL\Debug\link.write.1.tlog
H:\IT 356\coding\SFMLWithOpenGL\SFMLWithOpenGL\Debug\vc110.idb
H:\IT 356\coding\SFMLWithOpenGL\SFMLWithOpenGL\Debug\vc110.pdb
H:\IT 356\coding\SFMLWithOpenGL\Debug\SFMLWithOpenGL.pdb
H:\IT 356\coding\SFMLWithOpenGL\Debug\SFMLWithOpenGL.exe
H:\IT 356\coding\SFMLWithOpenGL\Debug\SFMLWithOpenGL.ilk
