#
# A fatal error has been detected by the Java Runtime Environment:
#
#  SIGSEGV (0xb) at pc=0xa074eb2c, pid=13569, tid=3066665840
#
# JRE version: Java(TM) SE Runtime Environment (7.0_60-b19) (build 1.7.0_60-b19)
# Java VM: Java HotSpot(TM) Client VM (24.60-b09 mixed mode linux-x86 )
# Problematic frame:
# C  [libstdc++.so.6+0xb9b2c]  std::basic_string<char, std::char_traits<char>, std::allocator<char> >::basic_string(std::string const&)+0x1c
#
# Core dump written. Default location: /home/ahinh/IT 279-2/Assignment 5 files/core or core.13569 (max size 1 kB). To ensure a full core dump, try "ulimit -c unlimited" before starting Java again
#
# If you would like to submit a bug report, please visit:
#   http://bugreport.sun.com/bugreport/crash.jsp
# The crash happened outside the Java Virtual Machine in native code.
# See problematic frame for where to report the bug.
#

---------------  T H R E A D  ---------------

Current thread (0x08050c00):  JavaThread "main" [_thread_in_native, id=13570, stack(0xb6c49000,0xb6c9a000)]

siginfo:si_signo=SIGSEGV: si_errno=0, si_code=1 (SEGV_MAPERR), si_addr=0x001fe938

Registers:
EAX=0xb6c98f6c, EBX=0xa077dff4, ECX=0x00000338, EDX=0xb6c98f6c
ESP=0xb6c98bc0, EBP=0xb6c98c08, ESI=0x001fe93c, EDI=0x08050c00
EIP=0xa074eb2c, EFLAGS=0x00010282, CR2=0x001fe938

Top of Stack: (sp=0xb6c98bc0)
0xb6c98bc0:   a06a5000 a077dff4 b6c98e14 b6c98e1c
0xb6c98bd0:   b6c98fc8 b787a120 ffffffff a077dff4
0xb6c98be0:   b6c98e14 b0e95b08 b0e95b04 a0abcf90
0xb6c98bf0:   b6c98f80 b6c98f6c b6c98fc8 b0e95b08
0xb6c98c00:   b0e95b04 b0e95b08 b6c98fc8 a0abc8f7
0xb6c98c10:   b6c98f80 b6c98f6c a0abe239 b0a12ce4
0xb6c98c20:   b6c98c64 b0a706f8 00000000 00000002
0xb6c98c30:   00000000 b6c98c60 657a616d 7830312d 

Instructions: (pc=0xa074eb2c)
0xa074eb0c:   e1 90 90 90 83 ec 2c 8b 44 24 34 89 74 24 28 89
0xa074eb1c:   5c 24 24 e8 97 1e f9 ff 81 c3 d0 f4 02 00 8b 30
0xa074eb2c:   8b 4e fc 8d 46 f4 85 c9 78 1a 3b 83 74 fc ff ff
0xa074eb3c:   75 2e 8b 44 24 30 8b 5c 24 24 89 30 8b 74 24 28 

Register to memory mapping:

EAX=0xb6c98f6c is pointing into the stack for thread: 0x08050c00
EBX=0xa077dff4: <offset 0xe8ff4> in /usr/lib/libstdc++.so.6 at 0xa0695000
ECX=0x00000338 is an unknown value
EDX=0xb6c98f6c is pointing into the stack for thread: 0x08050c00
ESP=0xb6c98bc0 is pointing into the stack for thread: 0x08050c00
EBP=0xb6c98c08 is pointing into the stack for thread: 0x08050c00
ESI=0x001fe93c is an unknown value
EDI=0x08050c00 is a thread


Stack: [0xb6c49000,0xb6c9a000],  sp=0xb6c98bc0,  free space=318k
Native frames: (J=compiled Java code, j=interpreted, Vv=VM code, C=native code)
C  [libstdc++.so.6+0xb9b2c]  std::basic_string<char, std::char_traits<char>, std::allocator<char> >::basic_string(std::string const&)+0x1c
C  [libSolveMaze.so+0x58f7]  Java_SolveMaze_findpath+0x39b
j  SolveMaze.findpath(Ljava/lang/String;)Z+0
j  MazeDraw.main([Ljava/lang/String;)V+325
v  ~StubRoutines::call_stub
V  [libjvm.so+0x2ade15]  JavaCalls::call_helper(JavaValue*, methodHandle*, JavaCallArguments*, Thread*)+0x315
V  [libjvm.so+0x402ee9]  os::os_exception_wrapper(void (*)(JavaValue*, methodHandle*, JavaCallArguments*, Thread*), JavaValue*, methodHandle*, JavaCallArguments*, Thread*)+0x19
V  [libjvm.so+0x2aca8f]  JavaCalls::call(JavaValue*, methodHandle, JavaCallArguments*, Thread*)+0x2f
V  [libjvm.so+0x2e9e82]  jni_invoke_static(JNIEnv_*, JavaValue*, _jobject*, JNICallType, _jmethodID*, JNI_ArgumentPusher*, Thread*)+0x242
V  [libjvm.so+0x3000aa]  jni_CallStaticVoidMethod+0xca
C  [libjli.so+0x2e8d]  JavaMain+0x8bd
C  [libpthread.so.0+0x6879]  start_thread+0xd9

Java frames: (J=compiled Java code, j=interpreted, Vv=VM code)
j  SolveMaze.findpath(Ljava/lang/String;)Z+0
j  MazeDraw.main([Ljava/lang/String;)V+325
v  ~StubRoutines::call_stub

---------------  P R O C E S S  ---------------

Java Threads: ( => current thread )
  0x081de400 JavaThread "AWT-EventQueue-0" [_thread_blocked, id=13581, stack(0xa07b7000,0xa0808000)]
  0x081dcc00 JavaThread "AWT-Shutdown" [_thread_blocked, id=13580, stack(0xa0808000,0xa0859000)]
  0x081c3000 JavaThread "AWT-XAWT" daemon [_thread_in_native, id=13579, stack(0xa0859000,0xa08aa000)]
  0x081b2c00 JavaThread "Java2D Disposer" daemon [_thread_blocked, id=13578, stack(0xa08bb000,0xa090c000)]
  0x080bf000 JavaThread "Service Thread" daemon [_thread_blocked, id=13576, stack(0xa0c40000,0xa0c91000)]
  0x080bd000 JavaThread "C1 CompilerThread0" daemon [_thread_blocked, id=13575, stack(0xa0c91000,0xa0d12000)]
  0x080bb400 JavaThread "Signal Dispatcher" daemon [_thread_blocked, id=13574, stack(0xa0d12000,0xa0d63000)]
  0x080a5400 JavaThread "Finalizer" daemon [_thread_blocked, id=13573, stack(0xa0ec9000,0xa0f1a000)]
  0x080a3c00 JavaThread "Reference Handler" daemon [_thread_blocked, id=13572, stack(0xb4a07000,0xb4a58000)]
=>0x08050c00 JavaThread "main" [_thread_in_native, id=13570, stack(0xb6c49000,0xb6c9a000)]

Other Threads:
  0x080a1000 VMThread [stack: 0xa0f1a000,0xa0f9b000] [id=13571]
  0x080ca000 WatcherThread [stack: 0xa0bbf000,0xa0c40000] [id=13577]

VM state:not at safepoint (normal execution)

VM Mutex/Monitor currently owned by a thread: None

Heap
 def new generation   total 4736K, used 2050K [0xa1200000, 0xa1720000, 0xa64a0000)
  eden space 4224K,  48% used [0xa1200000, 0xa1400978, 0xa1620000)
  from space 512K,   0% used [0xa1620000, 0xa1620000, 0xa16a0000)
  to   space 512K,   0% used [0xa16a0000, 0xa16a0000, 0xa1720000)
 tenured generation   total 10624K, used 0K [0xa64a0000, 0xa6f00000, 0xb0a00000)
   the space 10624K,   0% used [0xa64a0000, 0xa64a0000, 0xa64a0200, 0xa6f00000)
 compacting perm gen  total 12288K, used 4695K [0xb0a00000, 0xb1600000, 0xb4a00000)
   the space 12288K,  38% used [0xb0a00000, 0xb0e95cb8, 0xb0e95e00, 0xb1600000)
No shared spaces configured.

Card table byte_map: [0xb4acc000,0xb4b69000] byte_map_base: 0xb45c3000

Polling page: 0xb7833000

Code Cache  [0xb4be9000, 0xb4c99000, 0xb6be9000)
 total_blobs=274 nmethods=61 adapters=150 free_code_cache=32064Kb largest_free_block=32834432

Compilation events (10 events):
Event: 0.175 Thread 0x080bd000   57             java.util.regex.Pattern$BmpCharProperty::match (50 bytes)
Event: 0.175 Thread 0x080bd000 nmethod 57 0xb4c97b88 code [0xb4c97cb0, 0xb4c97df0]
Event: 0.175 Thread 0x080bd000   58             java.util.regex.Pattern$BranchConn::match (11 bytes)
Event: 0.175 Thread 0x080bd000 nmethod 58 0xb4c97ec8 code [0xb4c97fd0, 0xb4c9807c]
Event: 0.176 Thread 0x080bd000   59             java.util.regex.Matcher::region (76 bytes)
Event: 0.176 Thread 0x080bd000 nmethod 59 0xb4c98108 code [0xb4c98280, 0xb4c9851c]
Event: 0.176 Thread 0x080bd000   60             java.util.regex.Pattern$LastNode::match (45 bytes)
Event: 0.176 Thread 0x080bd000 nmethod 60 0xb4c98708 code [0xb4c98800, 0xb4c98900]
Event: 0.176 Thread 0x080bd000   61             java.util.regex.Matcher::end (22 bytes)
Event: 0.176 Thread 0x080bd000 nmethod 61 0xb4c98a08 code [0xb4c98b10, 0xb4c98c0c]

GC Heap History (0 events):
No events

Deoptimization events (0 events):
No events

Internal exceptions (10 events):
Event: 0.020 Thread 0x08050c00 Threw 0xa120f7e8 at /HUDSON/workspace/7u-2-build-linux-i586/jdk7u60/1081/hotspot/src/share/vm/prims/jni.cpp:3991
Event: 0.042 Thread 0x08050c00 Threw 0xa1243f30 at /HUDSON/workspace/7u-2-build-linux-i586/jdk7u60/1081/hotspot/src/share/vm/prims/jvm.cpp:1244
Event: 0.064 Thread 0x08050c00 Threw 0xa125f6a0 at /HUDSON/workspace/7u-2-build-linux-i586/jdk7u60/1081/hotspot/src/share/vm/prims/jni.cpp:717
Event: 0.064 Thread 0x08050c00 Threw 0xa125ff08 at /HUDSON/workspace/7u-2-build-linux-i586/jdk7u60/1081/hotspot/src/share/vm/prims/jni.cpp:717
Event: 0.076 Thread 0x08050c00 Threw 0xa127d758 at /HUDSON/workspace/7u-2-build-linux-i586/jdk7u60/1081/hotspot/src/share/vm/prims/jvm.cpp:1244
Event: 0.076 Thread 0x08050c00 Threw 0xa127d870 at /HUDSON/workspace/7u-2-build-linux-i586/jdk7u60/1081/hotspot/src/share/vm/prims/jvm.cpp:1244
Event: 0.077 Thread 0x08050c00 Threw 0xa127f940 at /HUDSON/workspace/7u-2-build-linux-i586/jdk7u60/1081/hotspot/src/share/vm/prims/jvm.cpp:1244
Event: 0.077 Thread 0x08050c00 Threw 0xa127fa58 at /HUDSON/workspace/7u-2-build-linux-i586/jdk7u60/1081/hotspot/src/share/vm/prims/jvm.cpp:1244
Event: 0.177 Thread 0x08050c00 Threw 0xa13f04f8 at /HUDSON/workspace/7u-2-build-linux-i586/jdk7u60/1081/hotspot/src/share/vm/prims/jni.cpp:717
Event: 0.180 Thread 0x08050c00 Threw 0xa13f1928 at /HUDSON/workspace/7u-2-build-linux-i586/jdk7u60/1081/hotspot/src/share/vm/prims/jvm.cpp:1244

Events (10 events):
Event: 0.178 loading class 0x080ccb78
Event: 0.178 loading class 0x080ccb78 done
Event: 0.178 loading class 0x080ccb50
Event: 0.178 loading class 0x080ccbd0
Event: 0.178 loading class 0x080ccbd0 done
Event: 0.178 loading class 0x080ccb50 done
Event: 0.178 loading class 0xa11b0940
Event: 0.178 loading class 0xa11b0940 done
Event: 0.180 loading class 0x080fb358
Event: 0.180 loading class 0x080fb358 done


Dynamic libraries:
08048000-08049000 r-xp 00000000 08:02 599244     /usr/local/java/jdk1.7.0_60/bin/java
08049000-0804a000 rw-p 00000000 08:02 599244     /usr/local/java/jdk1.7.0_60/bin/java
0804a000-0821e000 rw-p 00000000 00:00 0          [heap]
a0547000-a0695000 rw-p 00000000 00:00 0 
a0695000-a077a000 r-xp 00000000 08:02 377022     /usr/lib/libstdc++.so.6.0.17
a077a000-a077e000 r--p 000e5000 08:02 377022     /usr/lib/libstdc++.so.6.0.17
a077e000-a077f000 rw-p 000e9000 08:02 377022     /usr/lib/libstdc++.so.6.0.17
a077f000-a0786000 rw-p 00000000 00:00 0 
a07b7000-a07ba000 ---p 00000000 00:00 0 
a07ba000-a0808000 rw-p 00000000 00:00 0 
a0808000-a080b000 ---p 00000000 00:00 0 
a080b000-a0859000 rw-p 00000000 00:00 0 
a0859000-a085c000 ---p 00000000 00:00 0 
a085c000-a08aa000 rw-p 00000000 00:00 0 
a08aa000-a08ae000 r-xp 00000000 08:02 132511     /usr/lib/libXfixes.so.3.1.0
a08ae000-a08af000 r--p 00003000 08:02 132511     /usr/lib/libXfixes.so.3.1.0
a08af000-a08b0000 rw-p 00004000 08:02 132511     /usr/lib/libXfixes.so.3.1.0
a08b0000-a08b9000 r-xp 00000000 08:02 132672     /usr/lib/libXcursor.so.1.0.2
a08b9000-a08ba000 r--p 00008000 08:02 132672     /usr/lib/libXcursor.so.1.0.2
a08ba000-a08bb000 rw-p 00009000 08:02 132672     /usr/lib/libXcursor.so.1.0.2
a08bb000-a08be000 ---p 00000000 00:00 0 
a08be000-a090c000 rw-p 00000000 00:00 0 
a090c000-a0928000 r-xp 00000000 08:02 19947      /usr/lib/libxcb.so.1.0.0
a0928000-a0929000 r--p 0001b000 08:02 19947      /usr/lib/libxcb.so.1.0.0
a0929000-a092a000 rw-p 0001c000 08:02 19947      /usr/lib/libxcb.so.1.0.0
a092a000-a092b000 r-xp 00000000 08:02 19937      /usr/lib/libxcb-xlib.so.0.0.0
a092b000-a092c000 r--p 00000000 08:02 19937      /usr/lib/libxcb-xlib.so.0.0.0
a092c000-a092d000 rw-p 00001000 08:02 19937      /usr/lib/libxcb-xlib.so.0.0.0
a092d000-a092f000 r-xp 00000000 08:02 19419      /usr/lib/libXau.so.6.0.0
a092f000-a0930000 r--p 00001000 08:02 19419      /usr/lib/libXau.so.6.0.0
a0930000-a0931000 rw-p 00002000 08:02 19419      /usr/lib/libXau.so.6.0.0
a0931000-a093a000 r-xp 00000000 08:02 132686     /usr/lib/libXi.so.6.0.0
a093a000-a093b000 r--p 00008000 08:02 132686     /usr/lib/libXi.so.6.0.0
a093b000-a093c000 rw-p 00009000 08:02 132686     /usr/lib/libXi.so.6.0.0
a093c000-a0941000 r-xp 00000000 08:02 132696     /usr/lib/libXtst.so.6.1.0
a0941000-a0942000 r--p 00004000 08:02 132696     /usr/lib/libXtst.so.6.1.0
a0942000-a0943000 rw-p 00005000 08:02 132696     /usr/lib/libXtst.so.6.1.0
a0943000-a094b000 r-xp 00000000 08:02 132509     /usr/lib/libXrender.so.1.3.0
a094b000-a094c000 r--p 00007000 08:02 132509     /usr/lib/libXrender.so.1.3.0
a094c000-a094d000 rw-p 00008000 08:02 132509     /usr/lib/libXrender.so.1.3.0
a094d000-a0a7c000 r-xp 00000000 08:02 132408     /usr/lib/libX11.so.6.2.0
a0a7c000-a0a7d000 r--p 0012e000 08:02 132408     /usr/lib/libX11.so.6.2.0
a0a7d000-a0a80000 rw-p 0012f000 08:02 132408     /usr/lib/libX11.so.6.2.0
a0a80000-a0a8f000 r-xp 00000000 08:02 132513     /usr/lib/libXext.so.6.4.0
a0a8f000-a0a90000 r--p 0000e000 08:02 132513     /usr/lib/libXext.so.6.4.0
a0a90000-a0a91000 rw-p 0000f000 08:02 132513     /usr/lib/libXext.so.6.4.0
a0aa7000-a0aa8000 rw-p 00000000 00:00 0 
a0aa8000-a0ab5000 r-xp 00000000 08:02 145962     /lib/libgcc_s.so.1
a0ab5000-a0ab6000 r--p 0000c000 08:02 145962     /lib/libgcc_s.so.1
a0ab6000-a0ab7000 rw-p 0000d000 08:02 145962     /lib/libgcc_s.so.1
a0ab7000-a0ac0000 r-xp 00000000 00:13 543326     /home/ahinh/IT 279-2/Assignment 5 files/libSolveMaze.so
a0ac0000-a0ac1000 r--p 00008000 00:13 543326     /home/ahinh/IT 279-2/Assignment 5 files/libSolveMaze.so
a0ac1000-a0ac2000 rw-p 00009000 00:13 543326     /home/ahinh/IT 279-2/Assignment 5 files/libSolveMaze.so
a0ac2000-a0b0b000 r-xp 00000000 08:02 599112     /usr/local/java/jdk1.7.0_60/jre/lib/i386/xawt/libmawt.so
a0b0b000-a0b0d000 rw-p 00049000 08:02 599112     /usr/local/java/jdk1.7.0_60/jre/lib/i386/xawt/libmawt.so
a0b0d000-a0b0e000 rw-p 00000000 00:00 0 
a0b0e000-a0b94000 r-xp 00000000 08:02 591217     /usr/local/java/jdk1.7.0_60/jre/lib/i386/libawt.so
a0b94000-a0b9b000 rw-p 00086000 08:02 591217     /usr/local/java/jdk1.7.0_60/jre/lib/i386/libawt.so
a0b9b000-a0bbf000 rw-p 00000000 00:00 0 
a0bbf000-a0bc0000 ---p 00000000 00:00 0 
a0bc0000-a0c40000 rw-p 00000000 00:00 0 
a0c40000-a0c43000 ---p 00000000 00:00 0 
a0c43000-a0c91000 rw-p 00000000 00:00 0 
a0c91000-a0c94000 ---p 00000000 00:00 0 
a0c94000-a0d12000 rw-p 00000000 00:00 0 
a0d12000-a0d15000 ---p 00000000 00:00 0 
a0d15000-a0d63000 rw-p 00000000 00:00 0 
a0d63000-a0da2000 r--p 00000000 08:02 211246     /usr/lib/locale/en_US.utf8/LC_CTYPE
a0da2000-a0da3000 r--p 00000000 08:02 211228     /usr/lib/locale/en_US.utf8/LC_NUMERIC
a0da3000-a0da4000 r--p 00000000 08:02 202698     /usr/lib/locale/en_US.utf8/LC_TIME
a0da4000-a0ec1000 r--p 00000000 08:02 211247     /usr/lib/locale/en_US.utf8/LC_COLLATE
a0ec1000-a0ec2000 r--p 00000000 08:02 202697     /usr/lib/locale/en_US.utf8/LC_MONETARY
a0ec2000-a0ec9000 r--s 00000000 08:02 189278     /usr/lib/gconv/gconv-modules.cache
a0ec9000-a0ecc000 ---p 00000000 00:00 0 
a0ecc000-a0f1a000 rw-p 00000000 00:00 0 
a0f1a000-a0f1b000 ---p 00000000 00:00 0 
a0f1b000-a0fe6000 rw-p 00000000 00:00 0 
a0fe6000-a11a5000 r--s 039e2000 08:02 575700     /usr/local/java/jdk1.7.0_60/jre/lib/rt.jar
a11a5000-a1720000 rw-p 00000000 00:00 0 
a1720000-a64a0000 rw-p 00000000 00:00 0 
a64a0000-a6f00000 rw-p 00000000 00:00 0 
a6f00000-b0a00000 rw-p 00000000 00:00 0 
b0a00000-b1600000 rw-p 00000000 00:00 0 
b1600000-b4a00000 rw-p 00000000 00:00 0 
b4a00000-b4a01000 r--p 00000000 08:02 211159     /usr/lib/locale/en_US.utf8/LC_MESSAGES/SYS_LC_MESSAGES
b4a01000-b4a02000 r--p 00000000 08:02 211174     /usr/lib/locale/en_US.utf8/LC_PAPER
b4a02000-b4a03000 r--p 00000000 08:02 211187     /usr/lib/locale/en_US.utf8/LC_NAME
b4a03000-b4a04000 r--p 00000000 08:02 202694     /usr/lib/locale/en_US.utf8/LC_ADDRESS
b4a04000-b4a05000 r--p 00000000 08:02 211158     /usr/lib/locale/en_US.utf8/LC_TELEPHONE
b4a05000-b4a06000 r--p 00000000 08:02 211175     /usr/lib/locale/en_US.utf8/LC_MEASUREMENT
b4a06000-b4a07000 r--p 00000000 08:02 202695     /usr/lib/locale/en_US.utf8/LC_IDENTIFICATION
b4a07000-b4a0a000 ---p 00000000 00:00 0 
b4a0a000-b4a5f000 rw-p 00000000 00:00 0 
b4a5f000-b4a79000 rw-p 00000000 00:00 0 
b4a79000-b4a7f000 rw-p 00000000 00:00 0 
b4a7f000-b4acc000 rw-p 00000000 00:00 0 
b4acc000-b4acf000 rw-p 00000000 00:00 0 
b4acf000-b4af5000 rw-p 00000000 00:00 0 
b4af5000-b4afb000 rw-p 00000000 00:00 0 
b4afb000-b4b48000 rw-p 00000000 00:00 0 
b4b48000-b4b4e000 rw-p 00000000 00:00 0 
b4b4e000-b4b68000 rw-p 00000000 00:00 0 
b4b68000-b4b6c000 rw-p 00000000 00:00 0 
b4b6c000-b4be9000 rw-p 00000000 00:00 0 
b4be9000-b4c99000 rwxp 00000000 00:00 0 
b4c99000-b6be9000 rw-p 00000000 00:00 0 
b6be9000-b6c00000 r-xp 00000000 08:02 591236     /usr/local/java/jdk1.7.0_60/jre/lib/i386/libzip.so
b6c00000-b6c01000 rw-p 00017000 08:02 591236     /usr/local/java/jdk1.7.0_60/jre/lib/i386/libzip.so
b6c01000-b6c09000 rw-s 00000000 08:02 510507     /tmp/hsperfdata_ahinh/13569
b6c09000-b6c3e000 r--s 00000000 08:02 382079     /var/run/nscd/passwd
b6c3e000-b6c3f000 rw-p 00000000 00:00 0 
b6c3f000-b6c47000 r-xp 00000000 08:02 145873     /lib/librt-2.11.3.so
b6c47000-b6c48000 r--p 00007000 08:02 145873     /lib/librt-2.11.3.so
b6c48000-b6c49000 rw-p 00008000 08:02 145873     /lib/librt-2.11.3.so
b6c49000-b6c4c000 ---p 00000000 00:00 0 
b6c4c000-b6c9a000 rw-p 00000000 00:00 0 
b6c9a000-b6cc0000 r-xp 00000000 08:02 145851     /lib/libm-2.11.3.so
b6cc0000-b6cc1000 r--p 00026000 08:02 145851     /lib/libm-2.11.3.so
b6cc1000-b6cc2000 rw-p 00027000 08:02 145851     /lib/libm-2.11.3.so
b6cc2000-b7253000 r-xp 00000000 08:02 599115     /usr/local/java/jdk1.7.0_60/jre/lib/i386/client/libjvm.so
b7253000-b7274000 rw-p 00591000 08:02 599115     /usr/local/java/jdk1.7.0_60/jre/lib/i386/client/libjvm.so
b7274000-b7696000 rw-p 00000000 00:00 0 
b7696000-b77f9000 r-xp 00000000 08:02 145843     /lib/libc-2.11.3.so
b77f9000-b77fb000 r--p 00162000 08:02 145843     /lib/libc-2.11.3.so
b77fb000-b77fc000 rw-p 00164000 08:02 145843     /lib/libc-2.11.3.so
b77fc000-b77ff000 rw-p 00000000 00:00 0 
b77ff000-b7802000 r-xp 00000000 08:02 145849     /lib/libdl-2.11.3.so
b7802000-b7803000 r--p 00002000 08:02 145849     /lib/libdl-2.11.3.so
b7803000-b7804000 rw-p 00003000 08:02 145849     /lib/libdl-2.11.3.so
b7804000-b7817000 r-xp 00000000 08:02 575651     /usr/local/java/jdk1.7.0_60/lib/i386/jli/libjli.so
b7817000-b7818000 rw-p 00012000 08:02 575651     /usr/local/java/jdk1.7.0_60/lib/i386/jli/libjli.so
b7818000-b782f000 r-xp 00000000 08:02 145869     /lib/libpthread-2.11.3.so
b782f000-b7830000 r--p 00016000 08:02 145869     /lib/libpthread-2.11.3.so
b7830000-b7831000 rw-p 00017000 08:02 145869     /lib/libpthread-2.11.3.so
b7831000-b7833000 rw-p 00000000 00:00 0 
b7833000-b7834000 r--p 00000000 00:00 0 
b7834000-b7857000 r-xp 00000000 08:02 591213     /usr/local/java/jdk1.7.0_60/jre/lib/i386/libjava.so
b7857000-b7858000 rw-p 00023000 08:02 591213     /usr/local/java/jdk1.7.0_60/jre/lib/i386/libjava.so
b7858000-b7863000 r-xp 00000000 08:02 591232     /usr/local/java/jdk1.7.0_60/jre/lib/i386/libverify.so
b7863000-b7864000 rw-p 0000b000 08:02 591232     /usr/local/java/jdk1.7.0_60/jre/lib/i386/libverify.so
b7864000-b7865000 rw-p 00000000 00:00 0 
b7865000-b7884000 r-xp 00000000 08:02 145836     /lib/ld-2.11.3.so
b7884000-b7885000 r--p 0001e000 08:02 145836     /lib/ld-2.11.3.so
b7885000-b7886000 rw-p 0001f000 08:02 145836     /lib/ld-2.11.3.so
bfb5b000-bfb5c000 rwxp 00000000 00:00 0 
bfb8e000-bfbaf000 rw-p 00000000 00:00 0          [stack]
ffffe000-fffff000 r-xp 00000000 00:00 0          [vdso]

VM Arguments:
jvm_args: -Djava.library.path=. 
java_command: MazeDraw maze-10x10
Launcher Type: SUN_STANDARD

Environment Variables:
CLASSPATH=.:/home/ahinh/IT179
PATH=/usr/local/bin:/usr/bin:/bin:/usr/bin/X11:/usr/X11R6/bin:/usr/games:/usr/lib/mit/bin:/usr/lib/mit/sbin
USERNAME=ahinh
SHELL=/bin/bash
DISPLAY=10.21.100.44:13.0
HOSTTYPE=i386
OSTYPE=linux
MACHTYPE=i686-suse-linux

Signal Handlers:
SIGSEGV: [libjvm.so+0x50df30], sa_mask[0]=0x7ffbfeff, sa_flags=0x10000004
SIGBUS: [libjvm.so+0x50df30], sa_mask[0]=0x7ffbfeff, sa_flags=0x10000004
SIGFPE: [libjvm.so+0x404cb0], sa_mask[0]=0x7ffbfeff, sa_flags=0x10000004
SIGPIPE: [libjvm.so+0x404cb0], sa_mask[0]=0x7ffbfeff, sa_flags=0x10000004
SIGXFSZ: [libjvm.so+0x404cb0], sa_mask[0]=0x7ffbfeff, sa_flags=0x10000004
SIGILL: [libjvm.so+0x404cb0], sa_mask[0]=0x7ffbfeff, sa_flags=0x10000004
SIGUSR1: SIG_DFL, sa_mask[0]=0x00000000, sa_flags=0x00000000
SIGUSR2: [libjvm.so+0x4064b0], sa_mask[0]=0x00000000, sa_flags=0x10000004
SIGHUP: [libjvm.so+0x4077b0], sa_mask[0]=0x7ffbfeff, sa_flags=0x10000004
SIGINT: [libjvm.so+0x4077b0], sa_mask[0]=0x7ffbfeff, sa_flags=0x10000004
SIGTERM: [libjvm.so+0x4077b0], sa_mask[0]=0x7ffbfeff, sa_flags=0x10000004
SIGQUIT: [libjvm.so+0x4077b0], sa_mask[0]=0x7ffbfeff, sa_flags=0x10000004


---------------  S Y S T E M  ---------------

OS:SUSE Linux Enterprise Desktop 11 (i586)
VERSION = 11
PATCHLEVEL = 2

uname:Linux 3.0.13-0.27-pae #1 SMP Wed Feb 15 13:33:49 UTC 2012 (d73692b) i686
libc:glibc 2.11.3 NPTL 2.11.3 
rlimit: STACK 8192k, CORE 1k, NPROC 7861, NOFILE 8192, AS 2494560k
load average:0.00 0.02 0.05

/proc/meminfo:
MemTotal:        1014908 kB
MemFree:          145896 kB
Buffers:           64568 kB
Cached:           566700 kB
SwapCached:            0 kB
Active:           389124 kB
Inactive:         414868 kB
Active(anon):     172940 kB
Inactive(anon):     5480 kB
Active(file):     216184 kB
Inactive(file):   409388 kB
Unevictable:           0 kB
Mlocked:               0 kB
HighTotal:        135112 kB
HighFree:           1924 kB
LowTotal:         879796 kB
LowFree:          143972 kB
SwapTotal:       2103292 kB
SwapFree:        2103292 kB
Dirty:                68 kB
Writeback:             0 kB
AnonPages:        162560 kB
Mapped:            71932 kB
Shmem:              5644 kB
Slab:              48820 kB
SReclaimable:      37768 kB
SUnreclaim:        11052 kB
KernelStack:        1792 kB
PageTables:         4168 kB
NFS_Unstable:          0 kB
Bounce:                0 kB
WritebackTmp:          0 kB
CommitLimit:     2610744 kB
Committed_AS:     645040 kB
VmallocTotal:     122880 kB
VmallocUsed:        7656 kB
VmallocChunk:     114500 kB
HardwareCorrupted:     0 kB
AnonHugePages:     45056 kB
HugePages_Total:       0
HugePages_Free:        0
HugePages_Rsvd:        0
HugePages_Surp:        0
Hugepagesize:       2048 kB
DirectMap4k:       10232 kB
DirectMap2M:      892928 kB


CPU:total 1 (1 cores per cpu, 1 threads per core) family 6 model 62 stepping 4, cmov, cx8, fxsr, mmx, sse, sse2, sse3, ssse3, sse4.1, sse4.2, popcnt, aes, tsc, tscinvbit

/proc/cpuinfo:
processor	: 0
vendor_id	: GenuineIntel
cpu family	: 6
model		: 62
model name	: Intel(R) Xeon(R) CPU E5-2670 v2 @ 2.50GHz
stepping	: 4
cpu MHz		: 2500.000
cache size	: 25600 KB
fdiv_bug	: no
hlt_bug		: no
f00f_bug	: no
coma_bug	: no
fpu		: yes
fpu_exception	: yes
cpuid level	: 13
wp		: yes
flags		: fpu vme de pse tsc msr pae mce cx8 apic sep mtrr pge mca cmov pat pse36 clflush dts mmx fxsr sse sse2 ss nx rdtscp lm constant_tsc up arch_perfmon pebs bts xtopology tsc_reliable nonstop_tsc aperfmperf pni pclmulqdq ssse3 cx16 sse4_1 sse4_2 popcnt aes hypervisor lahf_lm ida arat xsaveopt pln pts dts
bogomips	: 5000.00
clflush size	: 64
cache_alignment	: 64
address sizes	: 40 bits physical, 48 bits virtual
power management:



Memory: 4k page, physical 1014908k(145896k free), swap 2103292k(2103292k free)

vm_info: Java HotSpot(TM) Client VM (24.60-b09) for linux-x86 JRE (1.7.0_60-b19), built on May  7 2014 13:54:28 by "java_re" with gcc 4.3.0 20080428 (Red Hat 4.3.0-8)

time: Thu Apr 16 12:54:40 2015
elapsed time: 0 seconds

